Building DAG of jobs...
Using shell: /bin/bash
Provided cores: 8
Rules claiming more threads will be scaled down.
Job counts:
	count	jobs
	1	all
	5	blast
	6

rule blast:
    input: ../savage_ref/orf_ref_MT-1-1/contigs_stage_c.fasta, ../savage_ref/full_ref_MT-1-1/contigs_stage_c.fasta, ../ref/merlin_ORF.fasta, ../ref/merlin.fasta
    output: ../results/blast/blast.savage.orf_ref.MT-1-1.bam, ../results/blast/blast.savage.full_ref.MT-1-1.bam
    jobid: 1
    wildcards: sample=MT-1-1
    threads: 8

Finished job 1.
1 of 6 steps (17%) done

rule blast:
    input: ../savage_ref/orf_ref_MT-1-10/contigs_stage_c.fasta, ../savage_ref/full_ref_MT-1-10/contigs_stage_c.fasta, ../ref/merlin_ORF.fasta, ../ref/merlin.fasta
    output: ../results/blast/blast.savage.orf_ref.MT-1-10.bam, ../results/blast/blast.savage.full_ref.MT-1-10.bam
    jobid: 5
    wildcards: sample=MT-1-10
    threads: 8

Finished job 5.
2 of 6 steps (33%) done

rule blast:
    input: ../savage_ref/orf_ref_MT-1-50/contigs_stage_c.fasta, ../savage_ref/full_ref_MT-1-50/contigs_stage_c.fasta, ../ref/merlin_ORF.fasta, ../ref/merlin.fasta
    output: ../results/blast/blast.savage.orf_ref.MT-1-50.bam, ../results/blast/blast.savage.full_ref.MT-1-50.bam
    jobid: 3
    wildcards: sample=MT-1-50
    threads: 8

Finished job 3.
3 of 6 steps (50%) done

rule blast:
    input: ../savage_ref/orf_ref_MT-0-1/contigs_stage_c.fasta, ../savage_ref/full_ref_MT-0-1/contigs_stage_c.fasta, ../ref/merlin_ORF.fasta, ../ref/merlin.fasta
    output: ../results/blast/blast.savage.orf_ref.MT-0-1.bam, ../results/blast/blast.savage.full_ref.MT-0-1.bam
    jobid: 2
    wildcards: sample=MT-0-1
    threads: 8

Finished job 2.
4 of 6 steps (67%) done

rule blast:
    input: ../savage_ref/orf_ref_MT-1-0/contigs_stage_c.fasta, ../savage_ref/full_ref_MT-1-0/contigs_stage_c.fasta, ../ref/merlin_ORF.fasta, ../ref/merlin.fasta
    output: ../results/blast/blast.savage.orf_ref.MT-1-0.bam, ../results/blast/blast.savage.full_ref.MT-1-0.bam
    jobid: 4
    wildcards: sample=MT-1-0
    threads: 8

Finished job 4.
5 of 6 steps (83%) done

localrule all:
    input: ../results/blast/blast.savage.full_ref.MT-1-50.bam, ../results/blast/blast.savage.orf_ref.MT-1-50.bam, ../results/blast/blast.savage.full_ref.MT-1-10.bam, ../results/blast/blast.savage.orf_ref.MT-1-10.bam, ../results/blast/blast.savage.full_ref.MT-1-1.bam, ../results/blast/blast.savage.orf_ref.MT-1-1.bam, ../results/blast/blast.savage.full_ref.MT-1-0.bam, ../results/blast/blast.savage.orf_ref.MT-1-0.bam, ../results/blast/blast.savage.full_ref.MT-0-1.bam, ../results/blast/blast.savage.orf_ref.MT-0-1.bam
    jobid: 0

Finished job 0.
6 of 6 steps (100%) done
Complete log: /net/sgi/viral_genomics/MHH/cmv_mixed_strain/program/.snakemake/log/2018-09-26T171459.900534.snakemake.log
